<?xml version="1.0" encoding="UTF-8"?>
<testsuite xmlns:xsi="http://www.w3.org/2001/XMLSchema-instance" xsi:noNamespaceSchemaLocation="https://maven.apache.org/surefire/maven-surefire-plugin/xsd/surefire-test-report-3.0.xsd" version="3.0" name="com.blastme.messaging.AppTest" time="0.039" tests="1" errors="0" skipped="0" failures="0">
  <properties>
    <property name="java.specification.version" value="22"/>
    <property name="sun.cpu.isalist" value="amd64"/>
    <property name="sun.jnu.encoding" value="Cp1252"/>
    <property name="java.class.path" value="C:\Users\muham\Downloads\pcu\PINTAR SERVICE\TENCENT (MIGRATED)\BLASTME\APP\BlastMeJava\target\test-classes;C:\Users\muham\Downloads\pcu\PINTAR SERVICE\TENCENT (MIGRATED)\BLASTME\APP\BlastMeJava\target\classes;C:\Users\muham\.m2\repository\junit\junit\3.8.1\junit-3.8.1.jar;C:\Users\muham\.m2\repository\org\apache\logging\log4j\log4j-core\2.11.1\log4j-core-2.11.1.jar;C:\Users\muham\.m2\repository\org\apache\logging\log4j\log4j-api\2.11.1\log4j-api-2.11.1.jar;C:\Users\muham\.m2\repository\org\glassfish\jersey\core\jersey-server\2.27\jersey-server-2.27.jar;C:\Users\muham\.m2\repository\org\glassfish\jersey\core\jersey-common\2.27\jersey-common-2.27.jar;C:\Users\muham\.m2\repository\org\glassfish\hk2\osgi-resource-locator\1.0.1\osgi-resource-locator-1.0.1.jar;C:\Users\muham\.m2\repository\org\glassfish\jersey\core\jersey-client\2.27\jersey-client-2.27.jar;C:\Users\muham\.m2\repository\javax\ws\rs\javax.ws.rs-api\2.1\javax.ws.rs-api-2.1.jar;C:\Users\muham\.m2\repository\org\glassfish\jersey\media\jersey-media-jaxb\2.27\jersey-media-jaxb-2.27.jar;C:\Users\muham\.m2\repository\javax\annotation\javax.annotation-api\1.2\javax.annotation-api-1.2.jar;C:\Users\muham\.m2\repository\org\glassfish\hk2\external\javax.inject\2.5.0-b42\javax.inject-2.5.0-b42.jar;C:\Users\muham\.m2\repository\javax\validation\validation-api\1.1.0.Final\validation-api-1.1.0.Final.jar;C:\Users\muham\.m2\repository\io\lettuce\lettuce-core\5.1.3.RELEASE\lettuce-core-5.1.3.RELEASE.jar;C:\Users\muham\.m2\repository\io\projectreactor\reactor-core\3.2.3.RELEASE\reactor-core-3.2.3.RELEASE.jar;C:\Users\muham\.m2\repository\org\reactivestreams\reactive-streams\1.0.2\reactive-streams-1.0.2.jar;C:\Users\muham\.m2\repository\io\netty\netty-common\4.1.31.Final\netty-common-4.1.31.Final.jar;C:\Users\muham\.m2\repository\io\netty\netty-transport\4.1.31.Final\netty-transport-4.1.31.Final.jar;C:\Users\muham\.m2\repository\io\netty\netty-buffer\4.1.31.Final\netty-buffer-4.1.31.Final.jar;C:\Users\muham\.m2\repository\io\netty\netty-resolver\4.1.31.Final\netty-resolver-4.1.31.Final.jar;C:\Users\muham\.m2\repository\io\netty\netty-handler\4.1.31.Final\netty-handler-4.1.31.Final.jar;C:\Users\muham\.m2\repository\io\netty\netty-codec\4.1.31.Final\netty-codec-4.1.31.Final.jar;C:\Users\muham\.m2\repository\com\rabbitmq\amqp-client\5.5.1\amqp-client-5.5.1.jar;C:\Users\muham\.m2\repository\org\slf4j\slf4j-api\1.7.25\slf4j-api-1.7.25.jar;C:\Users\muham\.m2\repository\org\eclipse\jetty\jetty-server\9.4.14.v20181114\jetty-server-9.4.14.v20181114.jar;C:\Users\muham\.m2\repository\javax\servlet\javax.servlet-api\3.1.0\javax.servlet-api-3.1.0.jar;C:\Users\muham\.m2\repository\org\eclipse\jetty\jetty-http\9.4.14.v20181114\jetty-http-9.4.14.v20181114.jar;C:\Users\muham\.m2\repository\org\eclipse\jetty\jetty-io\9.4.14.v20181114\jetty-io-9.4.14.v20181114.jar;C:\Users\muham\.m2\repository\org\eclipse\jetty\jetty-servlet\9.4.14.v20181114\jetty-servlet-9.4.14.v20181114.jar;C:\Users\muham\.m2\repository\org\eclipse\jetty\jetty-security\9.4.14.v20181114\jetty-security-9.4.14.v20181114.jar;C:\Users\muham\.m2\repository\org\eclipse\jetty\jetty-webapp\9.4.14.v20181114\jetty-webapp-9.4.14.v20181114.jar;C:\Users\muham\.m2\repository\org\eclipse\jetty\jetty-xml\9.4.14.v20181114\jetty-xml-9.4.14.v20181114.jar;C:\Users\muham\.m2\repository\org\eclipse\jetty\jetty-util\9.4.14.v20181114\jetty-util-9.4.14.v20181114.jar;C:\Users\muham\.m2\repository\org\eclipse\jetty\jetty-servlets\9.4.14.v20181114\jetty-servlets-9.4.14.v20181114.jar;C:\Users\muham\.m2\repository\org\eclipse\jetty\jetty-continuation\9.4.14.v20181114\jetty-continuation-9.4.14.v20181114.jar;C:\Users\muham\.m2\repository\org\mongodb\mongodb-driver\3.9.1\mongodb-driver-3.9.1.jar;C:\Users\muham\.m2\repository\org\mongodb\bson\3.9.1\bson-3.9.1.jar;C:\Users\muham\.m2\repository\org\mongodb\mongodb-driver-core\3.9.1\mongodb-driver-core-3.9.1.jar;C:\Users\muham\.m2\repository\org\mongodb\morphia\morphia\1.3.2\morphia-1.3.2.jar;C:\Users\muham\.m2\repository\org\mongodb\mongo-java-driver\3.4.0\mongo-java-driver-3.4.0.jar;C:\Users\muham\.m2\repository\cglib\cglib-nodep\2.2.2\cglib-nodep-2.2.2.jar;C:\Users\muham\.m2\repository\com\thoughtworks\proxytoys\proxytoys\1.0\proxytoys-1.0.jar;C:\Users\muham\.m2\repository\commons-codec\commons-codec\1.11\commons-codec-1.11.jar;C:\Users\muham\.m2\repository\org\apache\commons\commons-lang3\3.8.1\commons-lang3-3.8.1.jar;C:\Users\muham\.m2\repository\org\apache\httpcomponents\httpclient\4.5.8\httpclient-4.5.8.jar;C:\Users\muham\.m2\repository\org\apache\httpcomponents\httpcore\4.4.11\httpcore-4.4.11.jar;C:\Users\muham\.m2\repository\commons-logging\commons-logging\1.2\commons-logging-1.2.jar;C:\Users\muham\.m2\repository\org\json\json\20180813\json-20180813.jar;C:\Users\muham\.m2\repository\javax\mail\javax.mail-api\1.6.2\javax.mail-api-1.6.2.jar;C:\Users\muham\.m2\repository\com\sun\mail\javax.mail\1.6.2\javax.mail-1.6.2.jar;C:\Users\muham\.m2\repository\javax\activation\activation\1.1\activation-1.1.jar;C:\Users\muham\.m2\repository\com\opencsv\opencsv\4.4\opencsv-4.4.jar;C:\Users\muham\.m2\repository\org\apache\commons\commons-text\1.3\commons-text-1.3.jar;C:\Users\muham\.m2\repository\commons-beanutils\commons-beanutils\1.9.3\commons-beanutils-1.9.3.jar;C:\Users\muham\.m2\repository\commons-collections\commons-collections\3.2.2\commons-collections-3.2.2.jar;C:\Users\muham\.m2\repository\org\apache\commons\commons-collections4\4.2\commons-collections4-4.2.jar;C:\Users\muham\.m2\repository\org\apache\camel\camel-core\2.23.0\camel-core-2.23.0.jar;C:\Users\muham\.m2\repository\com\sun\xml\bind\jaxb-core\2.3.0\jaxb-core-2.3.0.jar;C:\Users\muham\.m2\repository\com\sun\xml\bind\jaxb-impl\2.3.0\jaxb-impl-2.3.0.jar;C:\Users\muham\.m2\repository\org\apache\camel\camel-test\2.23.0\camel-test-2.23.0.jar;C:\Users\muham\.m2\repository\org\apache\camel\camel-jetty\2.23.0\camel-jetty-2.23.0.jar;C:\Users\muham\.m2\repository\org\apache\camel\camel-jetty9\2.23.0\camel-jetty9-2.23.0.jar;C:\Users\muham\.m2\repository\org\eclipse\jetty\jetty-client\9.4.12.v20180830\jetty-client-9.4.12.v20180830.jar;C:\Users\muham\.m2\repository\org\eclipse\jetty\jetty-jmx\9.4.12.v20180830\jetty-jmx-9.4.12.v20180830.jar;C:\Users\muham\.m2\repository\org\apache\camel\camel-jetty-common\2.23.0\camel-jetty-common-2.23.0.jar;C:\Users\muham\.m2\repository\org\apache\camel\camel-restlet\2.23.0\camel-restlet-2.23.0.jar;C:\Users\muham\.m2\repository\org\apache\camel\camel-http-common\2.23.0\camel-http-common-2.23.0.jar;C:\Users\muham\.m2\repository\org\restlet\jee\org.restlet\2.3.12\org.restlet-2.3.12.jar;C:\Users\muham\.m2\repository\org\restlet\jee\org.restlet.ext.httpclient\2.3.12\org.restlet.ext.httpclient-2.3.12.jar;C:\Users\muham\.m2\repository\net\jcip\jcip-annotations\1.0\jcip-annotations-1.0.jar;C:\Users\muham\.m2\repository\org\apache\camel\camel-jsonpath\2.23.0\camel-jsonpath-2.23.0.jar;C:\Users\muham\.m2\repository\com\jayway\jsonpath\json-path\2.4.0\json-path-2.4.0.jar;C:\Users\muham\.m2\repository\net\minidev\json-smart\2.3\json-smart-2.3.jar;C:\Users\muham\.m2\repository\net\minidev\accessors-smart\1.2\accessors-smart-1.2.jar;C:\Users\muham\.m2\repository\net\minidev\json-smart-action\2.3\json-smart-action-2.3.jar;C:\Users\muham\.m2\repository\com\cloudhopper\ch-smpp\5.0.9\ch-smpp-5.0.9.jar;C:\Users\muham\.m2\repository\io\netty\netty\3.9.6.Final\netty-3.9.6.Final.jar;C:\Users\muham\.m2\repository\com\cloudhopper\ch-commons-gsm\3.0.0\ch-commons-gsm-3.0.0.jar;C:\Users\muham\.m2\repository\com\cloudhopper\ch-commons-util\6.0.4\ch-commons-util-6.0.4.jar;C:\Users\muham\.m2\repository\joda-time\joda-time\2.8.2\joda-time-2.8.2.jar;C:\Users\muham\.m2\repository\com\cloudhopper\ch-commons-charset\3.0.2\ch-commons-charset-3.0.2.jar;C:\Users\muham\.m2\repository\org\postgresql\postgresql\42.2.5\postgresql-42.2.5.jar;C:\Users\muham\.m2\repository\org\apache\commons\commons-dbcp2\2.6.0\commons-dbcp2-2.6.0.jar;C:\Users\muham\.m2\repository\org\apache\commons\commons-pool2\2.6.1\commons-pool2-2.6.1.jar;C:\Users\muham\.m2\repository\org\apache\tika\tika-parsers\1.20\tika-parsers-1.20.jar;C:\Users\muham\.m2\repository\org\apache\tika\tika-core\1.20\tika-core-1.20.jar;C:\Users\muham\.m2\repository\org\glassfish\jaxb\jaxb-runtime\2.3.1\jaxb-runtime-2.3.1.jar;C:\Users\muham\.m2\repository\javax\xml\bind\jaxb-api\2.3.1\jaxb-api-2.3.1.jar;C:\Users\muham\.m2\repository\org\glassfish\jaxb\txw2\2.3.1\txw2-2.3.1.jar;C:\Users\muham\.m2\repository\com\sun\istack\istack-commons-runtime\3.0.7\istack-commons-runtime-3.0.7.jar;C:\Users\muham\.m2\repository\org\jvnet\staxex\stax-ex\1.8\stax-ex-1.8.jar;C:\Users\muham\.m2\repository\com\sun\xml\fastinfoset\FastInfoset\1.2.15\FastInfoset-1.2.15.jar;C:\Users\muham\.m2\repository\com\sun\activation\javax.activation\1.2.0\javax.activation-1.2.0.jar;C:\Users\muham\.m2\repository\org\gagravarr\vorbis-java-tika\0.8\vorbis-java-tika-0.8.jar;C:\Users\muham\.m2\repository\org\tallison\jmatio\1.5\jmatio-1.5.jar;C:\Users\muham\.m2\repository\org\apache\james\apache-mime4j-core\0.8.2\apache-mime4j-core-0.8.2.jar;C:\Users\muham\.m2\repository\org\apache\james\apache-mime4j-dom\0.8.2\apache-mime4j-dom-0.8.2.jar;C:\Users\muham\.m2\repository\org\apache\commons\commons-compress\1.18\commons-compress-1.18.jar;C:\Users\muham\.m2\repository\org\tukaani\xz\1.8\xz-1.8.jar;C:\Users\muham\.m2\repository\com\epam\parso\2.0.10\parso-2.0.10.jar;C:\Users\muham\.m2\repository\org\brotli\dec\0.1.2\dec-0.1.2.jar;C:\Users\muham\.m2\repository\org\apache\pdfbox\pdfbox\2.0.13\pdfbox-2.0.13.jar;C:\Users\muham\.m2\repository\org\apache\pdfbox\fontbox\2.0.13\fontbox-2.0.13.jar;C:\Users\muham\.m2\repository\org\apache\pdfbox\pdfbox-tools\2.0.13\pdfbox-tools-2.0.13.jar;C:\Users\muham\.m2\repository\org\apache\pdfbox\jempbox\1.8.16\jempbox-1.8.16.jar;C:\Users\muham\.m2\repository\org\bouncycastle\bcmail-jdk15on\1.60\bcmail-jdk15on-1.60.jar;C:\Users\muham\.m2\repository\org\bouncycastle\bcpkix-jdk15on\1.60\bcpkix-jdk15on-1.60.jar;C:\Users\muham\.m2\repository\org\bouncycastle\bcprov-jdk15on\1.60\bcprov-jdk15on-1.60.jar;C:\Users\muham\.m2\repository\org\apache\poi\poi-scratchpad\4.0.1\poi-scratchpad-4.0.1.jar;C:\Users\muham\.m2\repository\com\healthmarketscience\jackcess\jackcess\2.1.12\jackcess-2.1.12.jar;C:\Users\muham\.m2\repository\commons-lang\commons-lang\2.6\commons-lang-2.6.jar;C:\Users\muham\.m2\repository\com\healthmarketscience\jackcess\jackcess-encrypt\2.1.4\jackcess-encrypt-2.1.4.jar;C:\Users\muham\.m2\repository\org\ccil\cowan\tagsoup\tagsoup\1.2.1\tagsoup-1.2.1.jar;C:\Users\muham\.m2\repository\org\ow2\asm\asm\7.0\asm-7.0.jar;C:\Users\muham\.m2\repository\com\googlecode\mp4parser\isoparser\1.1.22\isoparser-1.1.22.jar;C:\Users\muham\.m2\repository\com\drewnoakes\metadata-extractor\2.11.0\metadata-extractor-2.11.0.jar;C:\Users\muham\.m2\repository\com\adobe\xmp\xmpcore\5.1.3\xmpcore-5.1.3.jar;C:\Users\muham\.m2\repository\de\l3s\boilerpipe\boilerpipe\1.1.0\boilerpipe-1.1.0.jar;C:\Users\muham\.m2\repository\com\rometools\rome\1.12.0\rome-1.12.0.jar;C:\Users\muham\.m2\repository\com\rometools\rome-utils\1.12.0\rome-utils-1.12.0.jar;C:\Users\muham\.m2\repository\org\gagravarr\vorbis-java-core\0.8\vorbis-java-core-0.8.jar;C:\Users\muham\.m2\repository\com\googlecode\juniversalchardet\juniversalchardet\1.0.3\juniversalchardet-1.0.3.jar;C:\Users\muham\.m2\repository\org\codelibs\jhighlight\1.0.3\jhighlight-1.0.3.jar;C:\Users\muham\.m2\repository\com\pff\java-libpst\0.8.1\java-libpst-0.8.1.jar;C:\Users\muham\.m2\repository\com\github\junrar\junrar\2.0.0\junrar-2.0.0.jar;C:\Users\muham\.m2\repository\org\apache\cxf\cxf-rt-rs-client\3.2.7\cxf-rt-rs-client-3.2.7.jar;C:\Users\muham\.m2\repository\org\apache\cxf\cxf-rt-transports-http\3.2.7\cxf-rt-transports-http-3.2.7.jar;C:\Users\muham\.m2\repository\org\apache\cxf\cxf-core\3.2.7\cxf-core-3.2.7.jar;C:\Users\muham\.m2\repository\com\fasterxml\woodstox\woodstox-core\5.0.3\woodstox-core-5.0.3.jar;C:\Users\muham\.m2\repository\org\codehaus\woodstox\stax2-api\3.1.4\stax2-api-3.1.4.jar;C:\Users\muham\.m2\repository\org\apache\ws\xmlschema\xmlschema-core\2.2.3\xmlschema-core-2.2.3.jar;C:\Users\muham\.m2\repository\org\apache\cxf\cxf-rt-frontend-jaxrs\3.2.7\cxf-rt-frontend-jaxrs-3.2.7.jar;C:\Users\muham\.m2\repository\org\apache\commons\commons-exec\1.3\commons-exec-1.3.jar;C:\Users\muham\.m2\repository\org\apache\opennlp\opennlp-tools\1.9.0\opennlp-tools-1.9.0.jar;C:\Users\muham\.m2\repository\commons-io\commons-io\2.6\commons-io-2.6.jar;C:\Users\muham\.m2\repository\com\googlecode\json-simple\json-simple\1.1.1\json-simple-1.1.1.jar;C:\Users\muham\.m2\repository\com\github\openjson\openjson\1.0.10\openjson-1.0.10.jar;C:\Users\muham\.m2\repository\com\google\code\gson\gson\2.8.5\gson-2.8.5.jar;C:\Users\muham\.m2\repository\org\slf4j\jul-to-slf4j\1.7.25\jul-to-slf4j-1.7.25.jar;C:\Users\muham\.m2\repository\org\slf4j\jcl-over-slf4j\1.7.25\jcl-over-slf4j-1.7.25.jar;C:\Users\muham\.m2\repository\edu\ucar\netcdf4\4.5.5\netcdf4-4.5.5.jar;C:\Users\muham\.m2\repository\edu\ucar\grib\4.5.5\grib-4.5.5.jar;C:\Users\muham\.m2\repository\com\google\protobuf\protobuf-java\2.5.0\protobuf-java-2.5.0.jar;C:\Users\muham\.m2\repository\org\itadaki\bzip2\0.9.1\bzip2-0.9.1.jar;C:\Users\muham\.m2\repository\net\java\dev\jna\jna\5.1.0\jna-5.1.0.jar;C:\Users\muham\.m2\repository\org\jsoup\jsoup\1.11.3\jsoup-1.11.3.jar;C:\Users\muham\.m2\repository\edu\ucar\cdm\4.5.5\cdm-4.5.5.jar;C:\Users\muham\.m2\repository\edu\ucar\udunits\4.5.5\udunits-4.5.5.jar;C:\Users\muham\.m2\repository\net\sf\ehcache\ehcache-core\2.6.2\ehcache-core-2.6.2.jar;C:\Users\muham\.m2\repository\com\beust\jcommander\1.35\jcommander-1.35.jar;C:\Users\muham\.m2\repository\edu\ucar\httpservices\4.5.5\httpservices-4.5.5.jar;C:\Users\muham\.m2\repository\org\apache\httpcomponents\httpmime\4.5.6\httpmime-4.5.6.jar;C:\Users\muham\.m2\repository\org\apache\sis\core\sis-utility\0.8\sis-utility-0.8.jar;C:\Users\muham\.m2\repository\javax\measure\unit-api\1.0\unit-api-1.0.jar;C:\Users\muham\.m2\repository\org\apache\sis\storage\sis-netcdf\0.8\sis-netcdf-0.8.jar;C:\Users\muham\.m2\repository\org\apache\sis\storage\sis-storage\0.8\sis-storage-0.8.jar;C:\Users\muham\.m2\repository\org\apache\sis\core\sis-feature\0.8\sis-feature-0.8.jar;C:\Users\muham\.m2\repository\org\apache\sis\core\sis-referencing\0.8\sis-referencing-0.8.jar;C:\Users\muham\.m2\repository\org\apache\sis\core\sis-metadata\0.8\sis-metadata-0.8.jar;C:\Users\muham\.m2\repository\org\opengis\geoapi\3.0.1\geoapi-3.0.1.jar;C:\Users\muham\.m2\repository\edu\usc\ir\sentiment-analysis-parser\0.1\sentiment-analysis-parser-0.1.jar;C:\Users\muham\.m2\repository\org\apache\uima\uimafit-core\2.4.0\uimafit-core-2.4.0.jar;C:\Users\muham\.m2\repository\org\apache\uima\uimaj-core\3.0.1\uimaj-core-3.0.1.jar;C:\Users\muham\.m2\repository\org\bitbucket\mstrobel\procyon-compilertools\0.5.32\procyon-compilertools-0.5.32.jar;C:\Users\muham\.m2\repository\org\bitbucket\mstrobel\procyon-core\0.5.32\procyon-core-0.5.32.jar;C:\Users\muham\.m2\repository\org\jdom\jdom2\2.0.6\jdom2-2.0.6.jar;C:\Users\muham\.m2\repository\com\fasterxml\jackson\core\jackson-core\2.9.7\jackson-core-2.9.7.jar;C:\Users\muham\.m2\repository\com\fasterxml\jackson\core\jackson-databind\2.9.7\jackson-databind-2.9.7.jar;C:\Users\muham\.m2\repository\com\fasterxml\jackson\core\jackson-annotations\2.9.7\jackson-annotations-2.9.7.jar;C:\Users\muham\.m2\repository\org\apache\pdfbox\jbig2-imageio\3.0.2\jbig2-imageio-3.0.2.jar;C:\Users\muham\.m2\repository\com\github\jai-imageio\jai-imageio-core\1.4.0\jai-imageio-core-1.4.0.jar;C:\Users\muham\.m2\repository\io\netty\netty-all\4.1.36.Final\netty-all-4.1.36.Final.jar;C:\Users\muham\.m2\repository\org\apache\commons\commons-csv\1.7\commons-csv-1.7.jar;C:\Users\muham\.m2\repository\org\apache\poi\poi\4.1.1\poi-4.1.1.jar;C:\Users\muham\.m2\repository\org\apache\commons\commons-math3\3.6.1\commons-math3-3.6.1.jar;C:\Users\muham\.m2\repository\org\apache\poi\poi-ooxml\4.1.1\poi-ooxml-4.1.1.jar;C:\Users\muham\.m2\repository\org\apache\poi\poi-ooxml-schemas\4.1.1\poi-ooxml-schemas-4.1.1.jar;C:\Users\muham\.m2\repository\org\apache\xmlbeans\xmlbeans\3.1.0\xmlbeans-3.1.0.jar;C:\Users\muham\.m2\repository\com\github\virtuald\curvesapi\1.06\curvesapi-1.06.jar;C:\Users\muham\.m2\repository\org\quartz-scheduler\quartz\2.3.2\quartz-2.3.2.jar;C:\Users\muham\.m2\repository\com\mchange\c3p0\0.9.5.4\c3p0-0.9.5.4.jar;C:\Users\muham\.m2\repository\com\mchange\mchange-commons-java\0.2.15\mchange-commons-java-0.2.15.jar;C:\Users\muham\.m2\repository\com\zaxxer\HikariCP-java7\2.4.13\HikariCP-java7-2.4.13.jar;C:\Users\muham\.m2\repository\com\google\guava\guava\28.2-jre\guava-28.2-jre.jar;C:\Users\muham\.m2\repository\com\google\guava\failureaccess\1.0.1\failureaccess-1.0.1.jar;C:\Users\muham\.m2\repository\com\google\guava\listenablefuture\9999.0-empty-to-avoid-conflict-with-guava\listenablefuture-9999.0-empty-to-avoid-conflict-with-guava.jar;C:\Users\muham\.m2\repository\com\google\code\findbugs\jsr305\3.0.2\jsr305-3.0.2.jar;C:\Users\muham\.m2\repository\org\checkerframework\checker-qual\2.10.0\checker-qual-2.10.0.jar;C:\Users\muham\.m2\repository\com\google\errorprone\error_prone_annotations\2.3.4\error_prone_annotations-2.3.4.jar;C:\Users\muham\.m2\repository\com\google\j2objc\j2objc-annotations\1.3\j2objc-annotations-1.3.jar;C:\Users\muham\.m2\repository\at\favre\lib\bcrypt\0.9.0\bcrypt-0.9.0.jar;C:\Users\muham\.m2\repository\at\favre\lib\bytes\1.3.0\bytes-1.3.0.jar;"/>
    <property name="java.vm.vendor" value="Oracle Corporation"/>
    <property name="sun.arch.data.model" value="64"/>
    <property name="user.variant" value=""/>
    <property name="java.vendor.url" value="https://java.oracle.com/"/>
    <property name="user.timezone" value="Asia/Jakarta"/>
    <property name="os.name" value="Windows 10"/>
    <property name="java.vm.specification.version" value="22"/>
    <property name="sun.java.launcher" value="SUN_STANDARD"/>
    <property name="user.country" value="ID"/>
    <property name="sun.boot.library.path" value="C:\Users\muham\.jdks\openjdk-22.0.1\bin"/>
    <property name="sun.java.command" value="C:\Users\muham\AppData\Local\Temp\surefire863158179224421981\surefirebooter-20240809155144357_3.jar C:\Users\muham\AppData\Local\Temp\surefire863158179224421981 2024-08-09T15-51-44_142-jvmRun1 surefire-20240809155144357_1tmp surefire_0-20240809155144357_2tmp"/>
    <property name="jdk.debug" value="release"/>
    <property name="surefire.test.class.path" value="C:\Users\muham\Downloads\pcu\PINTAR SERVICE\TENCENT (MIGRATED)\BLASTME\APP\BlastMeJava\target\test-classes;C:\Users\muham\Downloads\pcu\PINTAR SERVICE\TENCENT (MIGRATED)\BLASTME\APP\BlastMeJava\target\classes;C:\Users\muham\.m2\repository\junit\junit\3.8.1\junit-3.8.1.jar;C:\Users\muham\.m2\repository\org\apache\logging\log4j\log4j-core\2.11.1\log4j-core-2.11.1.jar;C:\Users\muham\.m2\repository\org\apache\logging\log4j\log4j-api\2.11.1\log4j-api-2.11.1.jar;C:\Users\muham\.m2\repository\org\glassfish\jersey\core\jersey-server\2.27\jersey-server-2.27.jar;C:\Users\muham\.m2\repository\org\glassfish\jersey\core\jersey-common\2.27\jersey-common-2.27.jar;C:\Users\muham\.m2\repository\org\glassfish\hk2\osgi-resource-locator\1.0.1\osgi-resource-locator-1.0.1.jar;C:\Users\muham\.m2\repository\org\glassfish\jersey\core\jersey-client\2.27\jersey-client-2.27.jar;C:\Users\muham\.m2\repository\javax\ws\rs\javax.ws.rs-api\2.1\javax.ws.rs-api-2.1.jar;C:\Users\muham\.m2\repository\org\glassfish\jersey\media\jersey-media-jaxb\2.27\jersey-media-jaxb-2.27.jar;C:\Users\muham\.m2\repository\javax\annotation\javax.annotation-api\1.2\javax.annotation-api-1.2.jar;C:\Users\muham\.m2\repository\org\glassfish\hk2\external\javax.inject\2.5.0-b42\javax.inject-2.5.0-b42.jar;C:\Users\muham\.m2\repository\javax\validation\validation-api\1.1.0.Final\validation-api-1.1.0.Final.jar;C:\Users\muham\.m2\repository\io\lettuce\lettuce-core\5.1.3.RELEASE\lettuce-core-5.1.3.RELEASE.jar;C:\Users\muham\.m2\repository\io\projectreactor\reactor-core\3.2.3.RELEASE\reactor-core-3.2.3.RELEASE.jar;C:\Users\muham\.m2\repository\org\reactivestreams\reactive-streams\1.0.2\reactive-streams-1.0.2.jar;C:\Users\muham\.m2\repository\io\netty\netty-common\4.1.31.Final\netty-common-4.1.31.Final.jar;C:\Users\muham\.m2\repository\io\netty\netty-transport\4.1.31.Final\netty-transport-4.1.31.Final.jar;C:\Users\muham\.m2\repository\io\netty\netty-buffer\4.1.31.Final\netty-buffer-4.1.31.Final.jar;C:\Users\muham\.m2\repository\io\netty\netty-resolver\4.1.31.Final\netty-resolver-4.1.31.Final.jar;C:\Users\muham\.m2\repository\io\netty\netty-handler\4.1.31.Final\netty-handler-4.1.31.Final.jar;C:\Users\muham\.m2\repository\io\netty\netty-codec\4.1.31.Final\netty-codec-4.1.31.Final.jar;C:\Users\muham\.m2\repository\com\rabbitmq\amqp-client\5.5.1\amqp-client-5.5.1.jar;C:\Users\muham\.m2\repository\org\slf4j\slf4j-api\1.7.25\slf4j-api-1.7.25.jar;C:\Users\muham\.m2\repository\org\eclipse\jetty\jetty-server\9.4.14.v20181114\jetty-server-9.4.14.v20181114.jar;C:\Users\muham\.m2\repository\javax\servlet\javax.servlet-api\3.1.0\javax.servlet-api-3.1.0.jar;C:\Users\muham\.m2\repository\org\eclipse\jetty\jetty-http\9.4.14.v20181114\jetty-http-9.4.14.v20181114.jar;C:\Users\muham\.m2\repository\org\eclipse\jetty\jetty-io\9.4.14.v20181114\jetty-io-9.4.14.v20181114.jar;C:\Users\muham\.m2\repository\org\eclipse\jetty\jetty-servlet\9.4.14.v20181114\jetty-servlet-9.4.14.v20181114.jar;C:\Users\muham\.m2\repository\org\eclipse\jetty\jetty-security\9.4.14.v20181114\jetty-security-9.4.14.v20181114.jar;C:\Users\muham\.m2\repository\org\eclipse\jetty\jetty-webapp\9.4.14.v20181114\jetty-webapp-9.4.14.v20181114.jar;C:\Users\muham\.m2\repository\org\eclipse\jetty\jetty-xml\9.4.14.v20181114\jetty-xml-9.4.14.v20181114.jar;C:\Users\muham\.m2\repository\org\eclipse\jetty\jetty-util\9.4.14.v20181114\jetty-util-9.4.14.v20181114.jar;C:\Users\muham\.m2\repository\org\eclipse\jetty\jetty-servlets\9.4.14.v20181114\jetty-servlets-9.4.14.v20181114.jar;C:\Users\muham\.m2\repository\org\eclipse\jetty\jetty-continuation\9.4.14.v20181114\jetty-continuation-9.4.14.v20181114.jar;C:\Users\muham\.m2\repository\org\mongodb\mongodb-driver\3.9.1\mongodb-driver-3.9.1.jar;C:\Users\muham\.m2\repository\org\mongodb\bson\3.9.1\bson-3.9.1.jar;C:\Users\muham\.m2\repository\org\mongodb\mongodb-driver-core\3.9.1\mongodb-driver-core-3.9.1.jar;C:\Users\muham\.m2\repository\org\mongodb\morphia\morphia\1.3.2\morphia-1.3.2.jar;C:\Users\muham\.m2\repository\org\mongodb\mongo-java-driver\3.4.0\mongo-java-driver-3.4.0.jar;C:\Users\muham\.m2\repository\cglib\cglib-nodep\2.2.2\cglib-nodep-2.2.2.jar;C:\Users\muham\.m2\repository\com\thoughtworks\proxytoys\proxytoys\1.0\proxytoys-1.0.jar;C:\Users\muham\.m2\repository\commons-codec\commons-codec\1.11\commons-codec-1.11.jar;C:\Users\muham\.m2\repository\org\apache\commons\commons-lang3\3.8.1\commons-lang3-3.8.1.jar;C:\Users\muham\.m2\repository\org\apache\httpcomponents\httpclient\4.5.8\httpclient-4.5.8.jar;C:\Users\muham\.m2\repository\org\apache\httpcomponents\httpcore\4.4.11\httpcore-4.4.11.jar;C:\Users\muham\.m2\repository\commons-logging\commons-logging\1.2\commons-logging-1.2.jar;C:\Users\muham\.m2\repository\org\json\json\20180813\json-20180813.jar;C:\Users\muham\.m2\repository\javax\mail\javax.mail-api\1.6.2\javax.mail-api-1.6.2.jar;C:\Users\muham\.m2\repository\com\sun\mail\javax.mail\1.6.2\javax.mail-1.6.2.jar;C:\Users\muham\.m2\repository\javax\activation\activation\1.1\activation-1.1.jar;C:\Users\muham\.m2\repository\com\opencsv\opencsv\4.4\opencsv-4.4.jar;C:\Users\muham\.m2\repository\org\apache\commons\commons-text\1.3\commons-text-1.3.jar;C:\Users\muham\.m2\repository\commons-beanutils\commons-beanutils\1.9.3\commons-beanutils-1.9.3.jar;C:\Users\muham\.m2\repository\commons-collections\commons-collections\3.2.2\commons-collections-3.2.2.jar;C:\Users\muham\.m2\repository\org\apache\commons\commons-collections4\4.2\commons-collections4-4.2.jar;C:\Users\muham\.m2\repository\org\apache\camel\camel-core\2.23.0\camel-core-2.23.0.jar;C:\Users\muham\.m2\repository\com\sun\xml\bind\jaxb-core\2.3.0\jaxb-core-2.3.0.jar;C:\Users\muham\.m2\repository\com\sun\xml\bind\jaxb-impl\2.3.0\jaxb-impl-2.3.0.jar;C:\Users\muham\.m2\repository\org\apache\camel\camel-test\2.23.0\camel-test-2.23.0.jar;C:\Users\muham\.m2\repository\org\apache\camel\camel-jetty\2.23.0\camel-jetty-2.23.0.jar;C:\Users\muham\.m2\repository\org\apache\camel\camel-jetty9\2.23.0\camel-jetty9-2.23.0.jar;C:\Users\muham\.m2\repository\org\eclipse\jetty\jetty-client\9.4.12.v20180830\jetty-client-9.4.12.v20180830.jar;C:\Users\muham\.m2\repository\org\eclipse\jetty\jetty-jmx\9.4.12.v20180830\jetty-jmx-9.4.12.v20180830.jar;C:\Users\muham\.m2\repository\org\apache\camel\camel-jetty-common\2.23.0\camel-jetty-common-2.23.0.jar;C:\Users\muham\.m2\repository\org\apache\camel\camel-restlet\2.23.0\camel-restlet-2.23.0.jar;C:\Users\muham\.m2\repository\org\apache\camel\camel-http-common\2.23.0\camel-http-common-2.23.0.jar;C:\Users\muham\.m2\repository\org\restlet\jee\org.restlet\2.3.12\org.restlet-2.3.12.jar;C:\Users\muham\.m2\repository\org\restlet\jee\org.restlet.ext.httpclient\2.3.12\org.restlet.ext.httpclient-2.3.12.jar;C:\Users\muham\.m2\repository\net\jcip\jcip-annotations\1.0\jcip-annotations-1.0.jar;C:\Users\muham\.m2\repository\org\apache\camel\camel-jsonpath\2.23.0\camel-jsonpath-2.23.0.jar;C:\Users\muham\.m2\repository\com\jayway\jsonpath\json-path\2.4.0\json-path-2.4.0.jar;C:\Users\muham\.m2\repository\net\minidev\json-smart\2.3\json-smart-2.3.jar;C:\Users\muham\.m2\repository\net\minidev\accessors-smart\1.2\accessors-smart-1.2.jar;C:\Users\muham\.m2\repository\net\minidev\json-smart-action\2.3\json-smart-action-2.3.jar;C:\Users\muham\.m2\repository\com\cloudhopper\ch-smpp\5.0.9\ch-smpp-5.0.9.jar;C:\Users\muham\.m2\repository\io\netty\netty\3.9.6.Final\netty-3.9.6.Final.jar;C:\Users\muham\.m2\repository\com\cloudhopper\ch-commons-gsm\3.0.0\ch-commons-gsm-3.0.0.jar;C:\Users\muham\.m2\repository\com\cloudhopper\ch-commons-util\6.0.4\ch-commons-util-6.0.4.jar;C:\Users\muham\.m2\repository\joda-time\joda-time\2.8.2\joda-time-2.8.2.jar;C:\Users\muham\.m2\repository\com\cloudhopper\ch-commons-charset\3.0.2\ch-commons-charset-3.0.2.jar;C:\Users\muham\.m2\repository\org\postgresql\postgresql\42.2.5\postgresql-42.2.5.jar;C:\Users\muham\.m2\repository\org\apache\commons\commons-dbcp2\2.6.0\commons-dbcp2-2.6.0.jar;C:\Users\muham\.m2\repository\org\apache\commons\commons-pool2\2.6.1\commons-pool2-2.6.1.jar;C:\Users\muham\.m2\repository\org\apache\tika\tika-parsers\1.20\tika-parsers-1.20.jar;C:\Users\muham\.m2\repository\org\apache\tika\tika-core\1.20\tika-core-1.20.jar;C:\Users\muham\.m2\repository\org\glassfish\jaxb\jaxb-runtime\2.3.1\jaxb-runtime-2.3.1.jar;C:\Users\muham\.m2\repository\javax\xml\bind\jaxb-api\2.3.1\jaxb-api-2.3.1.jar;C:\Users\muham\.m2\repository\org\glassfish\jaxb\txw2\2.3.1\txw2-2.3.1.jar;C:\Users\muham\.m2\repository\com\sun\istack\istack-commons-runtime\3.0.7\istack-commons-runtime-3.0.7.jar;C:\Users\muham\.m2\repository\org\jvnet\staxex\stax-ex\1.8\stax-ex-1.8.jar;C:\Users\muham\.m2\repository\com\sun\xml\fastinfoset\FastInfoset\1.2.15\FastInfoset-1.2.15.jar;C:\Users\muham\.m2\repository\com\sun\activation\javax.activation\1.2.0\javax.activation-1.2.0.jar;C:\Users\muham\.m2\repository\org\gagravarr\vorbis-java-tika\0.8\vorbis-java-tika-0.8.jar;C:\Users\muham\.m2\repository\org\tallison\jmatio\1.5\jmatio-1.5.jar;C:\Users\muham\.m2\repository\org\apache\james\apache-mime4j-core\0.8.2\apache-mime4j-core-0.8.2.jar;C:\Users\muham\.m2\repository\org\apache\james\apache-mime4j-dom\0.8.2\apache-mime4j-dom-0.8.2.jar;C:\Users\muham\.m2\repository\org\apache\commons\commons-compress\1.18\commons-compress-1.18.jar;C:\Users\muham\.m2\repository\org\tukaani\xz\1.8\xz-1.8.jar;C:\Users\muham\.m2\repository\com\epam\parso\2.0.10\parso-2.0.10.jar;C:\Users\muham\.m2\repository\org\brotli\dec\0.1.2\dec-0.1.2.jar;C:\Users\muham\.m2\repository\org\apache\pdfbox\pdfbox\2.0.13\pdfbox-2.0.13.jar;C:\Users\muham\.m2\repository\org\apache\pdfbox\fontbox\2.0.13\fontbox-2.0.13.jar;C:\Users\muham\.m2\repository\org\apache\pdfbox\pdfbox-tools\2.0.13\pdfbox-tools-2.0.13.jar;C:\Users\muham\.m2\repository\org\apache\pdfbox\jempbox\1.8.16\jempbox-1.8.16.jar;C:\Users\muham\.m2\repository\org\bouncycastle\bcmail-jdk15on\1.60\bcmail-jdk15on-1.60.jar;C:\Users\muham\.m2\repository\org\bouncycastle\bcpkix-jdk15on\1.60\bcpkix-jdk15on-1.60.jar;C:\Users\muham\.m2\repository\org\bouncycastle\bcprov-jdk15on\1.60\bcprov-jdk15on-1.60.jar;C:\Users\muham\.m2\repository\org\apache\poi\poi-scratchpad\4.0.1\poi-scratchpad-4.0.1.jar;C:\Users\muham\.m2\repository\com\healthmarketscience\jackcess\jackcess\2.1.12\jackcess-2.1.12.jar;C:\Users\muham\.m2\repository\commons-lang\commons-lang\2.6\commons-lang-2.6.jar;C:\Users\muham\.m2\repository\com\healthmarketscience\jackcess\jackcess-encrypt\2.1.4\jackcess-encrypt-2.1.4.jar;C:\Users\muham\.m2\repository\org\ccil\cowan\tagsoup\tagsoup\1.2.1\tagsoup-1.2.1.jar;C:\Users\muham\.m2\repository\org\ow2\asm\asm\7.0\asm-7.0.jar;C:\Users\muham\.m2\repository\com\googlecode\mp4parser\isoparser\1.1.22\isoparser-1.1.22.jar;C:\Users\muham\.m2\repository\com\drewnoakes\metadata-extractor\2.11.0\metadata-extractor-2.11.0.jar;C:\Users\muham\.m2\repository\com\adobe\xmp\xmpcore\5.1.3\xmpcore-5.1.3.jar;C:\Users\muham\.m2\repository\de\l3s\boilerpipe\boilerpipe\1.1.0\boilerpipe-1.1.0.jar;C:\Users\muham\.m2\repository\com\rometools\rome\1.12.0\rome-1.12.0.jar;C:\Users\muham\.m2\repository\com\rometools\rome-utils\1.12.0\rome-utils-1.12.0.jar;C:\Users\muham\.m2\repository\org\gagravarr\vorbis-java-core\0.8\vorbis-java-core-0.8.jar;C:\Users\muham\.m2\repository\com\googlecode\juniversalchardet\juniversalchardet\1.0.3\juniversalchardet-1.0.3.jar;C:\Users\muham\.m2\repository\org\codelibs\jhighlight\1.0.3\jhighlight-1.0.3.jar;C:\Users\muham\.m2\repository\com\pff\java-libpst\0.8.1\java-libpst-0.8.1.jar;C:\Users\muham\.m2\repository\com\github\junrar\junrar\2.0.0\junrar-2.0.0.jar;C:\Users\muham\.m2\repository\org\apache\cxf\cxf-rt-rs-client\3.2.7\cxf-rt-rs-client-3.2.7.jar;C:\Users\muham\.m2\repository\org\apache\cxf\cxf-rt-transports-http\3.2.7\cxf-rt-transports-http-3.2.7.jar;C:\Users\muham\.m2\repository\org\apache\cxf\cxf-core\3.2.7\cxf-core-3.2.7.jar;C:\Users\muham\.m2\repository\com\fasterxml\woodstox\woodstox-core\5.0.3\woodstox-core-5.0.3.jar;C:\Users\muham\.m2\repository\org\codehaus\woodstox\stax2-api\3.1.4\stax2-api-3.1.4.jar;C:\Users\muham\.m2\repository\org\apache\ws\xmlschema\xmlschema-core\2.2.3\xmlschema-core-2.2.3.jar;C:\Users\muham\.m2\repository\org\apache\cxf\cxf-rt-frontend-jaxrs\3.2.7\cxf-rt-frontend-jaxrs-3.2.7.jar;C:\Users\muham\.m2\repository\org\apache\commons\commons-exec\1.3\commons-exec-1.3.jar;C:\Users\muham\.m2\repository\org\apache\opennlp\opennlp-tools\1.9.0\opennlp-tools-1.9.0.jar;C:\Users\muham\.m2\repository\commons-io\commons-io\2.6\commons-io-2.6.jar;C:\Users\muham\.m2\repository\com\googlecode\json-simple\json-simple\1.1.1\json-simple-1.1.1.jar;C:\Users\muham\.m2\repository\com\github\openjson\openjson\1.0.10\openjson-1.0.10.jar;C:\Users\muham\.m2\repository\com\google\code\gson\gson\2.8.5\gson-2.8.5.jar;C:\Users\muham\.m2\repository\org\slf4j\jul-to-slf4j\1.7.25\jul-to-slf4j-1.7.25.jar;C:\Users\muham\.m2\repository\org\slf4j\jcl-over-slf4j\1.7.25\jcl-over-slf4j-1.7.25.jar;C:\Users\muham\.m2\repository\edu\ucar\netcdf4\4.5.5\netcdf4-4.5.5.jar;C:\Users\muham\.m2\repository\edu\ucar\grib\4.5.5\grib-4.5.5.jar;C:\Users\muham\.m2\repository\com\google\protobuf\protobuf-java\2.5.0\protobuf-java-2.5.0.jar;C:\Users\muham\.m2\repository\org\itadaki\bzip2\0.9.1\bzip2-0.9.1.jar;C:\Users\muham\.m2\repository\net\java\dev\jna\jna\5.1.0\jna-5.1.0.jar;C:\Users\muham\.m2\repository\org\jsoup\jsoup\1.11.3\jsoup-1.11.3.jar;C:\Users\muham\.m2\repository\edu\ucar\cdm\4.5.5\cdm-4.5.5.jar;C:\Users\muham\.m2\repository\edu\ucar\udunits\4.5.5\udunits-4.5.5.jar;C:\Users\muham\.m2\repository\net\sf\ehcache\ehcache-core\2.6.2\ehcache-core-2.6.2.jar;C:\Users\muham\.m2\repository\com\beust\jcommander\1.35\jcommander-1.35.jar;C:\Users\muham\.m2\repository\edu\ucar\httpservices\4.5.5\httpservices-4.5.5.jar;C:\Users\muham\.m2\repository\org\apache\httpcomponents\httpmime\4.5.6\httpmime-4.5.6.jar;C:\Users\muham\.m2\repository\org\apache\sis\core\sis-utility\0.8\sis-utility-0.8.jar;C:\Users\muham\.m2\repository\javax\measure\unit-api\1.0\unit-api-1.0.jar;C:\Users\muham\.m2\repository\org\apache\sis\storage\sis-netcdf\0.8\sis-netcdf-0.8.jar;C:\Users\muham\.m2\repository\org\apache\sis\storage\sis-storage\0.8\sis-storage-0.8.jar;C:\Users\muham\.m2\repository\org\apache\sis\core\sis-feature\0.8\sis-feature-0.8.jar;C:\Users\muham\.m2\repository\org\apache\sis\core\sis-referencing\0.8\sis-referencing-0.8.jar;C:\Users\muham\.m2\repository\org\apache\sis\core\sis-metadata\0.8\sis-metadata-0.8.jar;C:\Users\muham\.m2\repository\org\opengis\geoapi\3.0.1\geoapi-3.0.1.jar;C:\Users\muham\.m2\repository\edu\usc\ir\sentiment-analysis-parser\0.1\sentiment-analysis-parser-0.1.jar;C:\Users\muham\.m2\repository\org\apache\uima\uimafit-core\2.4.0\uimafit-core-2.4.0.jar;C:\Users\muham\.m2\repository\org\apache\uima\uimaj-core\3.0.1\uimaj-core-3.0.1.jar;C:\Users\muham\.m2\repository\org\bitbucket\mstrobel\procyon-compilertools\0.5.32\procyon-compilertools-0.5.32.jar;C:\Users\muham\.m2\repository\org\bitbucket\mstrobel\procyon-core\0.5.32\procyon-core-0.5.32.jar;C:\Users\muham\.m2\repository\org\jdom\jdom2\2.0.6\jdom2-2.0.6.jar;C:\Users\muham\.m2\repository\com\fasterxml\jackson\core\jackson-core\2.9.7\jackson-core-2.9.7.jar;C:\Users\muham\.m2\repository\com\fasterxml\jackson\core\jackson-databind\2.9.7\jackson-databind-2.9.7.jar;C:\Users\muham\.m2\repository\com\fasterxml\jackson\core\jackson-annotations\2.9.7\jackson-annotations-2.9.7.jar;C:\Users\muham\.m2\repository\org\apache\pdfbox\jbig2-imageio\3.0.2\jbig2-imageio-3.0.2.jar;C:\Users\muham\.m2\repository\com\github\jai-imageio\jai-imageio-core\1.4.0\jai-imageio-core-1.4.0.jar;C:\Users\muham\.m2\repository\io\netty\netty-all\4.1.36.Final\netty-all-4.1.36.Final.jar;C:\Users\muham\.m2\repository\org\apache\commons\commons-csv\1.7\commons-csv-1.7.jar;C:\Users\muham\.m2\repository\org\apache\poi\poi\4.1.1\poi-4.1.1.jar;C:\Users\muham\.m2\repository\org\apache\commons\commons-math3\3.6.1\commons-math3-3.6.1.jar;C:\Users\muham\.m2\repository\org\apache\poi\poi-ooxml\4.1.1\poi-ooxml-4.1.1.jar;C:\Users\muham\.m2\repository\org\apache\poi\poi-ooxml-schemas\4.1.1\poi-ooxml-schemas-4.1.1.jar;C:\Users\muham\.m2\repository\org\apache\xmlbeans\xmlbeans\3.1.0\xmlbeans-3.1.0.jar;C:\Users\muham\.m2\repository\com\github\virtuald\curvesapi\1.06\curvesapi-1.06.jar;C:\Users\muham\.m2\repository\org\quartz-scheduler\quartz\2.3.2\quartz-2.3.2.jar;C:\Users\muham\.m2\repository\com\mchange\c3p0\0.9.5.4\c3p0-0.9.5.4.jar;C:\Users\muham\.m2\repository\com\mchange\mchange-commons-java\0.2.15\mchange-commons-java-0.2.15.jar;C:\Users\muham\.m2\repository\com\zaxxer\HikariCP-java7\2.4.13\HikariCP-java7-2.4.13.jar;C:\Users\muham\.m2\repository\com\google\guava\guava\28.2-jre\guava-28.2-jre.jar;C:\Users\muham\.m2\repository\com\google\guava\failureaccess\1.0.1\failureaccess-1.0.1.jar;C:\Users\muham\.m2\repository\com\google\guava\listenablefuture\9999.0-empty-to-avoid-conflict-with-guava\listenablefuture-9999.0-empty-to-avoid-conflict-with-guava.jar;C:\Users\muham\.m2\repository\com\google\code\findbugs\jsr305\3.0.2\jsr305-3.0.2.jar;C:\Users\muham\.m2\repository\org\checkerframework\checker-qual\2.10.0\checker-qual-2.10.0.jar;C:\Users\muham\.m2\repository\com\google\errorprone\error_prone_annotations\2.3.4\error_prone_annotations-2.3.4.jar;C:\Users\muham\.m2\repository\com\google\j2objc\j2objc-annotations\1.3\j2objc-annotations-1.3.jar;C:\Users\muham\.m2\repository\at\favre\lib\bcrypt\0.9.0\bcrypt-0.9.0.jar;C:\Users\muham\.m2\repository\at\favre\lib\bytes\1.3.0\bytes-1.3.0.jar;"/>
    <property name="sun.cpu.endian" value="little"/>
    <property name="user.home" value="C:\Users\muham"/>
    <property name="user.language" value="en"/>
    <property name="java.specification.vendor" value="Oracle Corporation"/>
    <property name="java.version.date" value="2024-04-16"/>
    <property name="java.home" value="C:\Users\muham\.jdks\openjdk-22.0.1"/>
    <property name="file.separator" value="\"/>
    <property name="basedir" value="C:\Users\muham\Downloads\pcu\PINTAR SERVICE\TENCENT (MIGRATED)\BLASTME\APP\BlastMeJava"/>
    <property name="java.vm.compressedOopsMode" value="32-bit"/>
    <property name="line.separator" value="&#10;"/>
    <property name="java.vm.specification.vendor" value="Oracle Corporation"/>
    <property name="java.specification.name" value="Java Platform API Specification"/>
    <property name="surefire.real.class.path" value="C:\Users\muham\AppData\Local\Temp\surefire863158179224421981\surefirebooter-20240809155144357_3.jar"/>
    <property name="user.script" value=""/>
    <property name="sun.management.compiler" value="HotSpot 64-Bit Tiered Compilers"/>
    <property name="java.runtime.version" value="22.0.1+8-16"/>
    <property name="user.name" value="muham"/>
    <property name="stdout.encoding" value="Cp1252"/>
    <property name="path.separator" value=";"/>
    <property name="os.version" value="10.0"/>
    <property name="java.runtime.name" value="OpenJDK Runtime Environment"/>
    <property name="file.encoding" value="UTF-8"/>
    <property name="java.vm.name" value="OpenJDK 64-Bit Server VM"/>
    <property name="localRepository" value="C:\Users\muham\.m2\repository"/>
    <property name="java.vendor.url.bug" value="https://bugreport.java.com/bugreport/"/>
    <property name="java.io.tmpdir" value="C:\Users\muham\AppData\Local\Temp\"/>
    <property name="idea.version" value="2024.1.2"/>
    <property name="java.version" value="22.0.1"/>
    <property name="user.dir" value="C:\Users\muham\Downloads\pcu\PINTAR SERVICE\TENCENT (MIGRATED)\BLASTME\APP\BlastMeJava"/>
    <property name="os.arch" value="amd64"/>
    <property name="java.vm.specification.name" value="Java Virtual Machine Specification"/>
    <property name="sun.os.patch.level" value=""/>
    <property name="native.encoding" value="Cp1252"/>
    <property name="java.library.path" value="C:\Users\muham\.jdks\openjdk-22.0.1\bin;C:\WINDOWS\Sun\Java\bin;C:\WINDOWS\system32;C:\WINDOWS;C:\ProgramData\Oracle\Java\javapath;C:\Program Files\Common Files\Oracle\Java\javapath;C:\Program Files (x86)\Common Files\Oracle\Java\java8path;C:\Program Files (x86)\Common Files\Oracle\Java\javapath;C:\Python39\Scripts\;C:\Python39\;C:\Program Files\ImageMagick-7.0.7-Q16;C:\WINDOWS\system32;C:\WINDOWS;C:\WINDOWS\System32\Wbem;C:\WINDOWS\System32\WindowsPowerShell\v1.0\;C:\WINDOWS\System32\OpenSSH\;C:\Program Files\Git\cmd;C:\Program Files\PuTTY\;C:\Language Programming\PHP;C:\ProgramData\ComposerSetup\bin;C:\Program Files\NVIDIA Corporation\NVIDIA NvDLISR;C:\Program Files (x86)\NVIDIA Corporation\PhysX\Common;C:\Program Files\nodejs\;C:\ProgramData\chocolatey\bin;C:\Program Files\apache-maven-3.8.1\bin;C:\protobuf\bin;C:\Program Files\PostgreSQL\14\bin;C:\Program Files\Docker\Docker\resources\bin;C:\ProgramData\DockerDesktop\version-bin;C:\Program Files\Go\bin;C:\Program Files (x86)\Bitvise SSH Client;C:\Program Files\MySQL\MySQL Shell 8.0\bin\;C:\Users\muham\AppData\Local\Microsoft\WindowsApps;C:\Users\muham\AppData\Roaming\Composer\vendor\bin;C:\Users\muham\AppData\Roaming\npm;C:\Users\muham\AppData\Local\Programs\Microsoft VS Code\bin;C:\Program Files\heroku\bin;C:\Users\muham\go\bin;C:\Users\muham\AppData\Local\JetBrains\Toolbox\scripts;C:\Program Files\JetBrains\IntelliJ IDEA Community Edition 2024.1.2\bin;;C:\Users\muham\go\bin;."/>
    <property name="java.vm.info" value="mixed mode, sharing"/>
    <property name="stderr.encoding" value="Cp1252"/>
    <property name="java.vendor" value="Oracle Corporation"/>
    <property name="java.vm.version" value="22.0.1+8-16"/>
    <property name="sun.io.unicode.encoding" value="UnicodeLittle"/>
    <property name="java.class.version" value="66.0"/>
  </properties>
  <testcase name="testApp" classname="com.blastme.messaging.AppTest" time="0.004"/>
</testsuite>